<?xml version="1.0" encoding="UTF-8"?>
<testsuite name="modelChecker.ModelCheckerTest" tests="1" skipped="0" failures="0" errors="0" timestamp="2019-11-21T16:39:09" hostname="pc3-007-l" time="0.177">
  <properties/>
  <testcase name="buildAndCheckModel" classname="modelChecker.ModelCheckerTest" time="0.177"/>
  <system-out><![CDATA[s0-[act1]-s1
s1-[act2]-s0
]]></system-out>
  <system-err><![CDATA[]]></system-err>
</testsuite>
